250627 14:24:58 mysqld_safe Starting mariadbd daemon with databases from /config/databases
2025-06-27 14:24:59 0 [Note] Starting MariaDB 11.4.5-MariaDB-log source revision 0771110266ff5c04216af4bf1243c65f8c67ccf4 server_uid PNRQOkQdLg8wEkGkUBZlGNG6rfg= as process 4982025-06-27 14:24:59 0 [Warning] Setting lower_case_table_names=2 because file system for /config/databases/ is case insensitive

2025-06-27 14:24:59 0 [Note] InnoDB: Compressed tables use zlib 1.3.1
2025-06-27 14:24:59 0 [Note] InnoDB: Number of transaction pools: 1
2025-06-27 14:24:59 0 [Note] InnoDB: Using crc32 + pclmulqdq instructions
2025-06-27 14:24:59 0 [Note] mariadbd: O_TMPFILE is not supported on /tmp (disabling future attempts)
2025-06-27 14:24:59 0 [Note] InnoDB: Using Linux native AIO
2025-06-27 14:24:59 0 [Note] InnoDB: Initializing buffer pool, total size = 256.000MiB, chunk size = 4.000MiB
2025-06-27 14:24:59 0 [Note] InnoDB: Completed initialization of buffer pool
2025-06-27 14:24:59 0 [Note] InnoDB: Buffered log writes (block size=512 bytes)
2025-06-27 14:24:59 0 [Note] InnoDB: End of log at LSN=47763
2025-06-27 14:24:59 0 [Note] InnoDB: Opened 3 undo tablespaces
2025-06-27 14:24:59 0 [Note] InnoDB: 128 rollback segments in 3 undo tablespaces are active.
2025-06-27 14:24:59 0 [Note] InnoDB: Setting file './ibtmp1' size to 12.000MiB. Physically writing the file full; Please wait ...
2025-06-27 14:24:59 0 [Note] InnoDB: File './ibtmp1' size is now 12.000MiB.
2025-06-27 14:24:59 0 [Note] InnoDB: log sequence number 47763; transaction id 14
2025-06-27 14:24:59 0 [Note] Plugin 'FEEDBACK' is disabled.
2025-06-27 14:24:59 0 [Note] Plugin 'wsrep-provider' is disabled.
2025-06-27 14:24:59 0 [Note] InnoDB: Loading buffer pool(s) from /config/databases/ib_buffer_pool
2025-06-27 14:24:59 0 [Note] InnoDB: Buffer pool(s) load completed at 250627 14:24:59
2025-06-27 14:24:59 0 [Note] Server socket created on IP: '0.0.0.0'.
2025-06-27 14:24:59 0 [Note] Server socket created on IP: '::'.
2025-06-27 14:24:59 0 [Note] mariadbd: Event Scheduler: Loaded 0 events
2025-06-27 14:24:59 0 [Note] /usr/bin/mariadbd: ready for connections.
Version: '11.4.5-MariaDB-log'  socket: '/run/mysqld/mysqld.sock'  port: 3306  Alpine Linux
2025-06-27 14:24:59 4 [Warning] Aborted connection 4 to db: 'unconnected' user: 'unauthenticated' host: 'localhost' (This connection closed normally without authentication)
2025-06-27 14:24:59 6 [Warning] Access denied for user 'root'@'localhost' (using password: YES)
2025-06-27 14:55:28 0 [Note] /usr/bin/mariadbd (initiated by: unknown): Normal shutdown
2025-06-27 14:55:28 0 [Note] InnoDB: FTS optimize thread exiting.
2025-06-27 14:55:28 0 [Note] InnoDB: Starting shutdown...
2025-06-27 14:55:28 0 [Note] InnoDB: Dumping buffer pool(s) to /config/databases/ib_buffer_pool
2025-06-27 14:55:28 0 [Note] InnoDB: Buffer pool(s) dump completed at 250627 14:55:28
2025-06-27 14:55:28 0 [Note] InnoDB: Removed temporary tablespace data file: "./ibtmp1"
2025-06-27 14:55:28 0 [Note] InnoDB: Shutdown completed; log sequence number 437099; transaction id 703
2025-06-27 14:55:28 0 [Note] /usr/bin/mariadbd: Shutdown complete
250627 14:55:28 mysqld_safe mysqld from pid file /run/mysqld/mysqld.pid ended
